 File Name:  
Traceback (most recent call last):
  File "run-exparser.py", line 37, in call_Exparser
    lng=detect(reader.decode('utf-8'))
  File "/usr/local/lib/python2.7/dist-packages/langdetect/detector_factory.py", line 130, in detect
    return detector.detect()
  File "/usr/local/lib/python2.7/dist-packages/langdetect/detector.py", line 136, in detect
    probabilities = self.get_probabilities()
  File "/usr/local/lib/python2.7/dist-packages/langdetect/detector.py", line 143, in get_probabilities
    self._detect_block()
  File "/usr/local/lib/python2.7/dist-packages/langdetect/detector.py", line 150, in _detect_block
    raise LangDetectException(ErrorCode.CantDetectError, 'No features in text.')
LangDetectException: No features in text.
**************************************************
File Name:  
Traceback (most recent call last):
  File "run-exparser.py", line 37, in call_Exparser
    lng=detect(reader.decode('utf-8'))
  File "/usr/local/lib/python2.7/dist-packages/langdetect/detector_factory.py", line 130, in detect
    return detector.detect()
  File "/usr/local/lib/python2.7/dist-packages/langdetect/detector.py", line 136, in detect
    probabilities = self.get_probabilities()
  File "/usr/local/lib/python2.7/dist-packages/langdetect/detector.py", line 143, in get_probabilities
    self._detect_block()
  File "/usr/local/lib/python2.7/dist-packages/langdetect/detector.py", line 150, in _detect_block
    raise LangDetectException(ErrorCode.CantDetectError, 'No features in text.')
LangDetectException: No features in text.
**************************************************
